<?xml version="1.0" encoding="UTF-8"?>
<robot generator="Robot 7.2.2 (Python 3.12.6 on win32)" generated="2025-05-01T09:48:04.763749" rpa="false" schemaversion="5">
<suite id="s1" name="DemoKeyword" source="E:\Python\Study_RobotFramework\KeywordDemo_Basic2\DemoKeyword.robot">
<test id="s1-t1" name="Test case 1" line="5">
<kw name="Do Something">
<kw name="Log" owner="BuiltIn">
<msg time="2025-05-01T09:48:04.779687" level="INFO">I am doing something...</msg>
<arg>I am doing something...</arg>
<doc>Logs the given message with the given level.</doc>
<status status="PASS" start="2025-05-01T09:48:04.779687" elapsed="0.000000"/>
</kw>
<status status="PASS" start="2025-05-01T09:48:04.779687" elapsed="0.000000"/>
</kw>
<kw name="Do Something Else">
<kw name="Log" owner="BuiltIn">
<msg time="2025-05-01T09:48:04.779687" level="INFO">I am doing something else...</msg>
<arg>I am doing something else...</arg>
<doc>Logs the given message with the given level.</doc>
<status status="PASS" start="2025-05-01T09:48:04.779687" elapsed="0.000000"/>
</kw>
<status status="PASS" start="2025-05-01T09:48:04.779687" elapsed="0.000000"/>
</kw>
<status status="PASS" start="2025-05-01T09:48:04.779687" elapsed="0.000000"/>
</test>
<test id="s1-t2" name="Test case 2" line="9">
<kw name="Do Another Thing">
<kw name="Log" owner="BuiltIn">
<msg time="2025-05-01T09:48:04.779687" level="INFO">I am doing another thing...</msg>
<arg>I am doing another thing...</arg>
<doc>Logs the given message with the given level.</doc>
<status status="PASS" start="2025-05-01T09:48:04.779687" elapsed="0.000000"/>
</kw>
<status status="PASS" start="2025-05-01T09:48:04.779687" elapsed="0.000000"/>
</kw>
<kw name="Do Something Else">
<kw name="Log" owner="BuiltIn">
<msg time="2025-05-01T09:48:04.779687" level="INFO">I am doing something else...</msg>
<arg>I am doing something else...</arg>
<doc>Logs the given message with the given level.</doc>
<status status="PASS" start="2025-05-01T09:48:04.779687" elapsed="0.000000"/>
</kw>
<status status="PASS" start="2025-05-01T09:48:04.779687" elapsed="0.000000"/>
</kw>
<status status="PASS" start="2025-05-01T09:48:04.779687" elapsed="0.000000"/>
</test>
<status status="PASS" start="2025-05-01T09:48:04.769551" elapsed="0.010136"/>
</suite>
<statistics>
<total>
<stat pass="2" fail="0" skip="0">All Tests</stat>
</total>
<tag>
</tag>
<suite>
<stat name="DemoKeyword" id="s1" pass="2" fail="0" skip="0">DemoKeyword</stat>
</suite>
</statistics>
<errors>
</errors>
</robot>
